#!/bin/bash
#SBATCH -A lu2024-2-56
#SBATCH -p lu32
#SBATCH -t 20:00:00
#SBATCH --mem=165G
#SBATCH -N 1
#SBATCH --ntasks-per-node=4
#SBATCH --cpus-per-task=8
#SBATCH --mail-user=ho4588ta-s@student.lu.se
#SBATCH --mail-type=ALL
#SBATCH -J MostMotif_p007
#SBATCH -o /home/hooimin/lu2024-17-19/Data_RAAV/p007_data/06_motif/mostMotif.out
#SBATCH -e /home/hooimin/lu2024-17-19/Data_RAAV/p007_data/06_motif/mostMotif.err
#SBATCH -D /home/hooimin/lu2024-17-19/Data_RAAV/p007_data

# write this script to stdout-file 
cat $0

# Load modules
module load GCC/12.3.0
module load R/4.3.2
R -e ".libPaths(c('~/MyRextensions', .libPaths()))"
export R_LIBS="~/MyRextensions:${R_LIBS}"



# Run R script to get the indexed FragmentsFinal in csv
Rscript ../scripts/MostMotif_p007.R







R version 4.3.2 (2023-10-31) -- "Eye Holes"
Copyright (C) 2023 The R Foundation for Statistical Computing
Platform: x86_64-pc-linux-gnu (64-bit)

R is free software and comes with ABSOLUTELY NO WARRANTY.
You are welcome to redistribute it under certain conditions.
Type 'license()' or 'licence()' for distribution details.

  Natural language support but running in an English locale

R is a collaborative project with many contributors.
Type 'contributors()' for more information and
'citation()' on how to cite R or R packages in publications.

Type 'demo()' for some demos, 'help()' for on-line help, or
'help.start()' for an HTML browser interface to help.
Type 'q()' to quit R.

> .libPaths(c('~/MyRextensions', .libPaths()))
> 
> 
